Script started at: 2026-03-11 18:20:07
Using new parent directory: /home/vbuser/.local/share/holaaaaaaaaaaaaaaaaaaaaaaaaaaaaaaaaaaaaaaaaaaaaaaaaa_100326
PATH: /home/vbuser/.local/share/holaaaaaaaaaaaaaaaaaaaaaaaaaaaaaaaaaaaaaaaaaaaaaaaaa_100326/hueta_110326, DATE: 11:03:26, NAME: hueta_110326
PATH: /home/vbuser/.local/share/holaaaaaaaaaaaaaaaaaaaaaaaaaaaaaaaaaaaaaaaaaaaaaaaaa_100326/hueta_110326/hueee_110326.ta, DATE: 11:03:26, NAME: hueee_110326.ta, SIZE: 50Mb
PATH: /home/vbuser/.local/share/holaaaaaaaaaaaaaaaaaaaaaaaaaaaaaaaaaaaaaaaaaaaaaaaaa_100326/hueta_110326/hueeee_110326.ta, DATE: 11:03:26, NAME: hueeee_110326.ta, SIZE: 50Mb
PATH: /home/vbuser/.local/share/holaaaaaaaaaaaaaaaaaaaaaaaaaaaaaaaaaaaaaaaaaaaaaaaaa_100326/hueta_110326/hueeeee_110326.ta, DATE: 11:03:26, NAME: hueeeee_110326.ta, SIZE: 50Mb
PATH: /home/vbuser/.local/share/holaaaaaaaaaaaaaaaaaaaaaaaaaaaaaaaaaaaaaaaaaaaaaaaaa_100326/hueta_110326/hueeeeee_110326.ta, DATE: 11:03:26, NAME: hueeeeee_110326.ta, SIZE: 50Mb
PATH: /home/vbuser/.local/share/holaaaaaaaaaaaaaaaaaaaaaaaaaaaaaaaaaaaaaaaaaaaaaaaaa_100326/hueta_110326/hueeeeeee_110326.ta, DATE: 11:03:26, NAME: hueeeeeee_110326.ta, SIZE: 50Mb
PATH: /home/vbuser/.local/share/holaaaaaaaaaaaaaaaaaaaaaaaaaaaaaaaaaaaaaaaaaaaaaaaaa_100326/hueta_110326/hueeeeeeee_110326.ta, DATE: 11:03:26, NAME: hueeeeeeee_110326.ta, SIZE: 50Mb
PATH: /home/vbuser/.local/share/holaaaaaaaaaaaaaaaaaaaaaaaaaaaaaaaaaaaaaaaaaaaaaaaaa_100326/hueta_110326/hueeeeeeeee_110326.ta, DATE: 11:03:26, NAME: hueeeeeeeee_110326.ta, SIZE: 50Mb
PATH: /home/vbuser/.local/share/holaaaaaaaaaaaaaaaaaaaaaaaaaaaaaaaaaaaaaaaaaaaaaaaaa_100326/hueta_110326/hueeeeeeeeee_110326.ta, DATE: 11:03:26, NAME: hueeeeeeeeee_110326.ta, SIZE: 50Mb
PATH: /home/vbuser/.local/share/holaaaaaaaaaaaaaaaaaaaaaaaaaaaaaaaaaaaaaaaaaaaaaaaaa_100326/hueta_110326/hueeeeeeeeeee_110326.ta, DATE: 11:03:26, NAME: hueeeeeeeeeee_110326.ta, SIZE: 50Mb
PATH: /home/vbuser/.local/share/holaaaaaaaaaaaaaaaaaaaaaaaaaaaaaaaaaaaaaaaaaaaaaaaaa_100326/hueta_110326/hueeeeeeeeeeee_110326.ta, DATE: 11:03:26, NAME: hueeeeeeeeeeee_110326.ta, SIZE: 50Mb
PATH: /home/vbuser/.local/share/holaaaaaaaaaaaaaaaaaaaaaaaaaaaaaaaaaaaaaaaaaaaaaaaaa_100326/hueta_110326/hueeeeeeeeeeeee_110326.ta, DATE: 11:03:26, NAME: hueeeeeeeeeeeee_110326.ta, SIZE: 50Mb
PATH: /home/vbuser/.local/share/holaaaaaaaaaaaaaaaaaaaaaaaaaaaaaaaaaaaaaaaaaaaaaaaaa_100326/hueta_110326/hueeeeeeeeeeeeee_110326.ta, DATE: 11:03:26, NAME: hueeeeeeeeeeeeee_110326.ta, SIZE: 50Mb
PATH: /home/vbuser/.local/share/holaaaaaaaaaaaaaaaaaaaaaaaaaaaaaaaaaaaaaaaaaaaaaaaaa_100326/hueta_110326/hueeeeeeeeeeeeeee_110326.ta, DATE: 11:03:26, NAME: hueeeeeeeeeeeeeee_110326.ta, SIZE: 50Mb
PATH: /home/vbuser/.local/share/holaaaaaaaaaaaaaaaaaaaaaaaaaaaaaaaaaaaaaaaaaaaaaaaaa_100326/hueta_110326/hueeeeeeeeeeeeeeee_110326.ta, DATE: 11:03:26, NAME: hueeeeeeeeeeeeeeee_110326.ta, SIZE: 50Mb
PATH: /home/vbuser/.local/share/holaaaaaaaaaaaaaaaaaaaaaaaaaaaaaaaaaaaaaaaaaaaaaaaaa_100326/hueta_110326/hueeeeeeeeeeeeeeeee_110326.ta, DATE: 11:03:26, NAME: hueeeeeeeeeeeeeeeee_110326.ta, SIZE: 50Mb
PATH: /home/vbuser/.local/share/holaaaaaaaaaaaaaaaaaaaaaaaaaaaaaaaaaaaaaaaaaaaaaaaaa_100326/hueta_110326/hueeeeeeeeeeeeeeeeee_110326.ta, DATE: 11:03:26, NAME: hueeeeeeeeeeeeeeeeee_110326.ta, SIZE: 50Mb
PATH: /home/vbuser/.local/share/holaaaaaaaaaaaaaaaaaaaaaaaaaaaaaaaaaaaaaaaaaaaaaaaaa_100326/hueta_110326/hueeeeeeeeeeeeeeeeeee_110326.ta, DATE: 11:03:26, NAME: hueeeeeeeeeeeeeeeeeee_110326.ta, SIZE: 50Mb
PATH: /home/vbuser/.local/share/holaaaaaaaaaaaaaaaaaaaaaaaaaaaaaaaaaaaaaaaaaaaaaaaaa_100326/hueta_110326/hueeeeeeeeeeeeeeeeeeee_110326.ta, DATE: 11:03:26, NAME: hueeeeeeeeeeeeeeeeeeee_110326.ta, SIZE: 50Mb
PATH: /home/vbuser/.local/share/holaaaaaaaaaaaaaaaaaaaaaaaaaaaaaaaaaaaaaaaaaaaaaaaaa_100326/hueta_110326/hueeeeeeeeeeeeeeeeeeeee_110326.ta, DATE: 11:03:26, NAME: hueeeeeeeeeeeeeeeeeeeee_110326.ta, SIZE: 50Mb
PATH: /home/vbuser/.local/share/holaaaaaaaaaaaaaaaaaaaaaaaaaaaaaaaaaaaaaaaaaaaaaaaaa_100326/hueta_110326/hueeeeeeeeeeeeeeeeeeeeee_110326.ta, DATE: 11:03:26, NAME: hueeeeeeeeeeeeeeeeeeeeee_110326.ta, SIZE: 50Mb
PATH: /home/vbuser/.local/share/holaaaaaaaaaaaaaaaaaaaaaaaaaaaaaaaaaaaaaaaaaaaaaaaaa_100326/hueta_110326/hueeeeeeeeeeeeeeeeeeeeeee_110326.ta, DATE: 11:03:26, NAME: hueeeeeeeeeeeeeeeeeeeeeee_110326.ta, SIZE: 50Mb
PATH: /home/vbuser/.local/share/holaaaaaaaaaaaaaaaaaaaaaaaaaaaaaaaaaaaaaaaaaaaaaaaaa_100326/hueta_110326/hueeeeeeeeeeeeeeeeeeeeeeee_110326.ta, DATE: 11:03:26, NAME: hueeeeeeeeeeeeeeeeeeeeeeee_110326.ta, SIZE: 50Mb
PATH: /home/vbuser/.local/share/holaaaaaaaaaaaaaaaaaaaaaaaaaaaaaaaaaaaaaaaaaaaaaaaaa_100326/hueta_110326/hueeeeeeeeeeeeeeeeeeeeeeeee_110326.ta, DATE: 11:03:26, NAME: hueeeeeeeeeeeeeeeeeeeeeeeee_110326.ta, SIZE: 50Mb
PATH: /home/vbuser/.local/share/holaaaaaaaaaaaaaaaaaaaaaaaaaaaaaaaaaaaaaaaaaaaaaaaaa_100326/hueta_110326/hueeeeeeeeeeeeeeeeeeeeeeeeee_110326.ta, DATE: 11:03:26, NAME: hueeeeeeeeeeeeeeeeeeeeeeeeee_110326.ta, SIZE: 50Mb
PATH: /home/vbuser/.local/share/holaaaaaaaaaaaaaaaaaaaaaaaaaaaaaaaaaaaaaaaaaaaaaaaaa_100326/hueta_110326/hueeeeeeeeeeeeeeeeeeeeeeeeeee_110326.ta, DATE: 11:03:26, NAME: hueeeeeeeeeeeeeeeeeeeeeeeeeee_110326.ta, SIZE: 50Mb
PATH: /home/vbuser/.local/share/holaaaaaaaaaaaaaaaaaaaaaaaaaaaaaaaaaaaaaaaaaaaaaaaaa_100326/hueta_110326/hueeeeeeeeeeeeeeeeeeeeeeeeeeee_110326.ta, DATE: 11:03:26, NAME: hueeeeeeeeeeeeeeeeeeeeeeeeeeee_110326.ta, SIZE: 50Mb
PATH: /home/vbuser/.local/share/holaaaaaaaaaaaaaaaaaaaaaaaaaaaaaaaaaaaaaaaaaaaaaaaaa_100326/hueta_110326/hueeeeeeeeeeeeeeeeeeeeeeeeeeeee_110326.ta, DATE: 11:03:26, NAME: hueeeeeeeeeeeeeeeeeeeeeeeeeeeee_110326.ta, SIZE: 50Mb
PATH: /home/vbuser/.local/share/holaaaaaaaaaaaaaaaaaaaaaaaaaaaaaaaaaaaaaaaaaaaaaaaaa_100326/hueta_110326/hueeeeeeeeeeeeeeeeeeeeeeeeeeeeee_110326.ta, DATE: 11:03:26, NAME: hueeeeeeeeeeeeeeeeeeeeeeeeeeeeee_110326.ta, SIZE: 50Mb
PATH: /home/vbuser/.local/share/holaaaaaaaaaaaaaaaaaaaaaaaaaaaaaaaaaaaaaaaaaaaaaaaaa_100326/hueta_110326/hueeeeeeeeeeeeeeeeeeeeeeeeeeeeeee_110326.ta, DATE: 11:03:26, NAME: hueeeeeeeeeeeeeeeeeeeeeeeeeeeeeee_110326.ta, SIZE: 50Mb
PATH: /home/vbuser/.local/share/holaaaaaaaaaaaaaaaaaaaaaaaaaaaaaaaaaaaaaaaaaaaaaaaaa_100326/hueta_110326/hueeeeeeeeeeeeeeeeeeeeeeeeeeeeeeee_110326.ta, DATE: 11:03:26, NAME: hueeeeeeeeeeeeeeeeeeeeeeeeeeeeeeee_110326.ta, SIZE: 50Mb
PATH: /home/vbuser/.local/share/holaaaaaaaaaaaaaaaaaaaaaaaaaaaaaaaaaaaaaaaaaaaaaaaaa_100326/hueta_110326/hueeeeeeeeeeeeeeeeeeeeeeeeeeeeeeeee_110326.ta, DATE: 11:03:26, NAME: hueeeeeeeeeeeeeeeeeeeeeeeeeeeeeeeee_110326.ta, SIZE: 50Mb
PATH: /home/vbuser/.local/share/holaaaaaaaaaaaaaaaaaaaaaaaaaaaaaaaaaaaaaaaaaaaaaaaaa_100326/hueta_110326/hueeeeeeeeeeeeeeeeeeeeeeeeeeeeeeeeee_110326.ta, DATE: 11:03:26, NAME: hueeeeeeeeeeeeeeeeeeeeeeeeeeeeeeeeee_110326.ta, SIZE: 50Mb
PATH: /home/vbuser/.local/share/holaaaaaaaaaaaaaaaaaaaaaaaaaaaaaaaaaaaaaaaaaaaaaaaaa_100326/hueta_110326/hueeeeeeeeeeeeeeeeeeeeeeeeeeeeeeeeeee_110326.ta, DATE: 11:03:26, NAME: hueeeeeeeeeeeeeeeeeeeeeeeeeeeeeeeeeee_110326.ta, SIZE: 50Mb
PATH: /home/vbuser/.local/share/holaaaaaaaaaaaaaaaaaaaaaaaaaaaaaaaaaaaaaaaaaaaaaaaaa_100326/hueta_110326/hueeeeeeeeeeeeeeeeeeeeeeeeeeeeeeeeeeee_110326.ta, DATE: 11:03:26, NAME: hueeeeeeeeeeeeeeeeeeeeeeeeeeeeeeeeeeee_110326.ta, SIZE: 50Mb
PATH: /home/vbuser/.local/share/holaaaaaaaaaaaaaaaaaaaaaaaaaaaaaaaaaaaaaaaaaaaaaaaaa_100326/hueta_110326/hueeeeeeeeeeeeeeeeeeeeeeeeeeeeeeeeeeeee_110326.ta, DATE: 11:03:26, NAME: hueeeeeeeeeeeeeeeeeeeeeeeeeeeeeeeeeeeee_110326.ta, SIZE: 50Mb
PATH: /home/vbuser/.local/share/holaaaaaaaaaaaaaaaaaaaaaaaaaaaaaaaaaaaaaaaaaaaaaaaaa_100326/hueta_110326/hueeeeeeeeeeeeeeeeeeeeeeeeeeeeeeeeeeeeee_110326.ta, DATE: 11:03:26, NAME: hueeeeeeeeeeeeeeeeeeeeeeeeeeeeeeeeeeeeee_110326.ta, SIZE: 50Mb
PATH: /home/vbuser/.local/share/holaaaaaaaaaaaaaaaaaaaaaaaaaaaaaaaaaaaaaaaaaaaaaaaaa_100326/hueta_110326/hueeeeeeeeeeeeeeeeeeeeeeeeeeeeeeeeeeeeeee_110326.ta, DATE: 11:03:26, NAME: hueeeeeeeeeeeeeeeeeeeeeeeeeeeeeeeeeeeeeee_110326.ta, SIZE: 50Mb
PATH: /home/vbuser/.local/share/holaaaaaaaaaaaaaaaaaaaaaaaaaaaaaaaaaaaaaaaaaaaaaaaaa_100326/hueta_110326/hueeeeeeeeeeeeeeeeeeeeeeeeeeeeeeeeeeeeeeee_110326.ta, DATE: 11:03:26, NAME: hueeeeeeeeeeeeeeeeeeeeeeeeeeeeeeeeeeeeeeee_110326.ta, SIZE: 50Mb
PATH: /home/vbuser/.local/share/holaaaaaaaaaaaaaaaaaaaaaaaaaaaaaaaaaaaaaaaaaaaaaaaaa_100326/hueta_110326/hueeeeeeeeeeeeeeeeeeeeeeeeeeeeeeeeeeeeeeeee_110326.ta, DATE: 11:03:26, NAME: hueeeeeeeeeeeeeeeeeeeeeeeeeeeeeeeeeeeeeeeee_110326.ta, SIZE: 50Mb
PATH: /home/vbuser/.local/share/holaaaaaaaaaaaaaaaaaaaaaaaaaaaaaaaaaaaaaaaaaaaaaaaaa_100326/hueta_110326/hueeeeeeeeeeeeeeeeeeeeeeeeeeeeeeeeeeeeeeeeee_110326.ta, DATE: 11:03:26, NAME: hueeeeeeeeeeeeeeeeeeeeeeeeeeeeeeeeeeeeeeeeee_110326.ta, SIZE: 50Mb
PATH: /home/vbuser/.local/share/holaaaaaaaaaaaaaaaaaaaaaaaaaaaaaaaaaaaaaaaaaaaaaaaaa_100326/hueta_110326/hueeeeeeeeeeeeeeeeeeeeeeeeeeeeeeeeeeeeeeeeeee_110326.ta, DATE: 11:03:26, NAME: hueeeeeeeeeeeeeeeeeeeeeeeeeeeeeeeeeeeeeeeeeee_110326.ta, SIZE: 50Mb
PATH: /home/vbuser/.local/share/holaaaaaaaaaaaaaaaaaaaaaaaaaaaaaaaaaaaaaaaaaaaaaaaaa_100326/hueta_110326/hueeeeeeeeeeeeeeeeeeeeeeeeeeeeeeeeeeeeeeeeeeee_110326.ta, DATE: 11:03:26, NAME: hueeeeeeeeeeeeeeeeeeeeeeeeeeeeeeeeeeeeeeeeeeee_110326.ta, SIZE: 50Mb
PATH: /home/vbuser/.local/share/holaaaaaaaaaaaaaaaaaaaaaaaaaaaaaaaaaaaaaaaaaaaaaaaaa_100326/hueta_110326/hueeeeeeeeeeeeeeeeeeeeeeeeeeeeeeeeeeeeeeeeeeeee_110326.ta, DATE: 11:03:26, NAME: hueeeeeeeeeeeeeeeeeeeeeeeeeeeeeeeeeeeeeeeeeeeee_110326.ta, SIZE: 50Mb
PATH: /home/vbuser/.local/share/holaaaaaaaaaaaaaaaaaaaaaaaaaaaaaaaaaaaaaaaaaaaaaaaaa_100326/hueta_110326/hueeeeeeeeeeeeeeeeeeeeeeeeeeeeeeeeeeeeeeeeeeeeee_110326.ta, DATE: 11:03:26, NAME: hueeeeeeeeeeeeeeeeeeeeeeeeeeeeeeeeeeeeeeeeeeeeee_110326.ta, SIZE: 50Mb
PATH: /home/vbuser/.local/share/holaaaaaaaaaaaaaaaaaaaaaaaaaaaaaaaaaaaaaaaaaaaaaaaaa_100326/hueta_110326/hueeeeeeeeeeeeeeeeeeeeeeeeeeeeeeeeeeeeeeeeeeeeeee_110326.ta, DATE: 11:03:26, NAME: hueeeeeeeeeeeeeeeeeeeeeeeeeeeeeeeeeeeeeeeeeeeeeee_110326.ta, SIZE: 50Mb
PATH: /home/vbuser/.local/share/holaaaaaaaaaaaaaaaaaaaaaaaaaaaaaaaaaaaaaaaaaaaaaaaaa_100326/hueta_110326/hueeeeeeeeeeeeeeeeeeeeeeeeeeeeeeeeeeeeeeeeeeeeeeee_110326.ta, DATE: 11:03:26, NAME: hueeeeeeeeeeeeeeeeeeeeeeeeeeeeeeeeeeeeeeeeeeeeeeee_110326.ta, SIZE: 50Mb
Memory is full. Stopping.
